2024-03-16 00:47:35,136 [INFO] Activator:176 - 


2024-03-16 00:47:35,137 [INFO] Activator:177 - !SESSION log4j initialized
2024-03-16 00:47:37,345 [INFO] LogOutputStream:77 - [STDOUT_REDIRECT] 
2024-03-16 00:47:59,675 [INFO] ApplicationProperties:184 - Using Application install path: C:\ST\STM32CubeIDE_1.14.1\STM32CubeIDE\plugins\com.st.stm32cube.common.mx_6.10.0.202311202037
2024-03-16 00:47:59,689 [INFO] DbMcusXml:78 - Set database path to: C:\ST\STM32CubeIDE_1.14.1\STM32CubeIDE\plugins\com.st.stm32cube.common.mx_6.10.0.202311202037\\db\/mcu/
2024-03-16 00:47:59,689 [INFO] ApiDb:274 - Set plugin database path to: C:\ST\STM32CubeIDE_1.14.1\STM32CubeIDE\plugins\com.st.stm32cube.common.mx_6.10.0.202311202037\\db\/plugins/boardmanager/
2024-03-16 00:47:59,689 [WARN] ApiDb:259 - Overriding images path with different value:  => C:\ST\STM32CubeIDE_1.14.1\STM32CubeIDE\plugins\com.st.stm32cube.common.mx_6.10.0.202311202037\\db\/plugins/mcufinder/images/
2024-03-16 00:47:59,693 [INFO] ApiDb:250 - Set database path to: C:\Users\Adriel\.stmcufinder\plugins\mcufinder//mcu/
2024-03-16 00:47:59,694 [INFO] DbMcusAds:125 - Set database path to: C:\Users\Adriel\.stmcufinder\plugins\mcufinder//mcu/
2024-03-16 00:47:59,727 [INFO] CrossReferenceDbSqlite:203 - Set database path to: C:\Users\Adriel\.stmcufinder\plugins\mcufinder//mcu/cs/
2024-03-16 00:47:59,830 [INFO] RulesReader:64 - Compatibility file has been processed (297 Rules)
2024-03-16 00:47:59,896 [INFO] DbMcusXml:78 - Set database path to: C:\ST\STM32CubeIDE_1.14.1\STM32CubeIDE\plugins\com.st.stm32cube.common.mx_6.10.0.202311202037\\db\/mcu/
2024-03-16 00:47:59,896 [INFO] ApiDb:274 - Set plugin database path to: C:\ST\STM32CubeIDE_1.14.1\STM32CubeIDE\plugins\com.st.stm32cube.common.mx_6.10.0.202311202037\\db\/plugins/boardmanager/
2024-03-16 00:47:59,896 [INFO] ApiDb:261 - Set plugin images path to: C:\ST\STM32CubeIDE_1.14.1\STM32CubeIDE\plugins\com.st.stm32cube.common.mx_6.10.0.202311202037\\db\/plugins/mcufinder/images/
2024-03-16 00:47:59,896 [WARN] DbFile:41 - Overriding database path with different value: C:\Users\Adriel\.stmcufinder\plugins\mcufinder/ => C:\Users\Adriel\.stmcufinder\plugins\mcufinder
2024-03-16 00:47:59,896 [INFO] ApiDb:250 - Set database path to: C:\Users\Adriel\.stmcufinder\plugins\mcufinder//mcu/
2024-03-16 00:47:59,896 [WARN] DbFile:41 - Overriding database path with different value: C:\Users\Adriel\.stmcufinder\plugins\mcufinder/ => C:\Users\Adriel\.stmcufinder\plugins\mcufinder
2024-03-16 00:47:59,897 [INFO] DbMcusAds:125 - Set database path to: C:\Users\Adriel\.stmcufinder\plugins\mcufinder//mcu/
2024-03-16 00:47:59,897 [WARN] DbFile:41 - Overriding database path with different value: C:\Users\Adriel\.stmcufinder\plugins\mcufinder/ => C:\Users\Adriel\.stmcufinder\plugins\mcufinder
2024-03-16 00:47:59,897 [WARN] DbFile:41 - Overriding database path with different value: C:\Users\Adriel\.stmcufinder\plugins\mcufinder/ => C:\Users\Adriel\.stmcufinder\plugins\mcufinder
2024-03-16 00:47:59,897 [INFO] CrossReferenceDbSqlite:203 - Set database path to: C:\Users\Adriel\.stmcufinder\plugins\mcufinder//mcu/cs/
2024-03-16 00:47:59,959 [INFO] MainPanel:264 - HeapMemory: 268435456
2024-03-16 00:48:00,052 [INFO] DbMcusXml:78 - Set database path to: C:\ST\STM32CubeIDE_1.14.1\STM32CubeIDE\plugins\com.st.stm32cube.common.mx_6.10.0.202311202037\\db\/mcu/
2024-03-16 00:48:00,052 [INFO] ApiDb:274 - Set plugin database path to: C:\ST\STM32CubeIDE_1.14.1\STM32CubeIDE\plugins\com.st.stm32cube.common.mx_6.10.0.202311202037\\db\/plugins/boardmanager/
2024-03-16 00:48:00,052 [INFO] ApiDb:261 - Set plugin images path to: C:\ST\STM32CubeIDE_1.14.1\STM32CubeIDE\plugins\com.st.stm32cube.common.mx_6.10.0.202311202037\\db\/plugins/mcufinder/images/
2024-03-16 00:48:00,053 [WARN] DbFile:41 - Overriding database path with different value: C:\Users\Adriel\.stmcufinder\plugins\mcufinder/ => C:\Users\Adriel\.stmcufinder\plugins\mcufinder
2024-03-16 00:48:00,053 [INFO] ApiDb:250 - Set database path to: C:\Users\Adriel\.stmcufinder\plugins\mcufinder//mcu/
2024-03-16 00:48:00,053 [WARN] DbFile:41 - Overriding database path with different value: C:\Users\Adriel\.stmcufinder\plugins\mcufinder/ => C:\Users\Adriel\.stmcufinder\plugins\mcufinder
2024-03-16 00:48:00,053 [INFO] DbMcusAds:125 - Set database path to: C:\Users\Adriel\.stmcufinder\plugins\mcufinder//mcu/
2024-03-16 00:48:00,053 [WARN] DbFile:41 - Overriding database path with different value: C:\Users\Adriel\.stmcufinder\plugins\mcufinder/ => C:\Users\Adriel\.stmcufinder\plugins\mcufinder
2024-03-16 00:48:00,053 [WARN] DbFile:41 - Overriding database path with different value: C:\Users\Adriel\.stmcufinder\plugins\mcufinder/ => C:\Users\Adriel\.stmcufinder\plugins\mcufinder
2024-03-16 00:48:00,053 [INFO] CrossReferenceDbSqlite:203 - Set database path to: C:\Users\Adriel\.stmcufinder\plugins\mcufinder//mcu/cs/
2024-03-16 00:48:00,071 [INFO] ApplicationProperties:184 - Using Application install path: C:\ST\STM32CubeIDE_1.14.1\STM32CubeIDE\plugins\com.st.stm32cube.common.mx_6.10.0.202311202037
2024-03-16 00:48:00,073 [INFO] PluginManage:196 - Search for loadable plugins [exclusion list=, ]
2024-03-16 00:48:00,074 [INFO] PluginManage:310 - Check plugin analytics
2024-03-16 00:48:00,217 [INFO] AnalyticsPlugin:253 - Accepted Software Licenses: 
2024-03-16 00:48:00,218 [INFO] AnalyticsPlugin:255 - Accepted CMSIS Pack Licenses: 
2024-03-16 00:48:00,218 [INFO] AnalyticsPlugin:257 - Accepted Firmware Licenses: 
2024-03-16 00:48:00,220 [INFO] PluginManage:359 - Loaded plugin analytics (category:tool,tabindex:-1)
2024-03-16 00:48:00,221 [INFO] PluginManage:310 - Check plugin cadmodel
2024-03-16 00:48:00,223 [INFO] CADModel:105 - Init CAD model plugin
2024-03-16 00:48:00,224 [INFO] PluginManage:359 - Loaded plugin cadmodel (category:power,tabindex:5)
2024-03-16 00:48:00,224 [INFO] PluginManage:310 - Check plugin clock
2024-03-16 00:48:00,230 [INFO] PluginManage:359 - Loaded plugin clock (category:base,tabindex:2)
2024-03-16 00:48:00,230 [INFO] PluginManage:310 - Check plugin ddr
2024-03-16 00:48:00,231 [INFO] PluginManage:359 - Loaded plugin ddr (category:tool,tabindex:6)
2024-03-16 00:48:00,232 [INFO] PluginManage:310 - Check plugin filemanager
2024-03-16 00:48:00,344 [INFO] PluginManage:359 - Loaded plugin filemanager (category:base,tabindex:10)
2024-03-16 00:48:00,344 [INFO] PluginManage:310 - Check plugin ipmanager
2024-03-16 00:48:00,350 [INFO] PluginManage:359 - Loaded plugin ipmanager (category:base,tabindex:5)
2024-03-16 00:48:00,350 [INFO] PluginManage:310 - Check plugin lpbam
2024-03-16 00:48:00,363 [INFO] PluginManage:359 - Loaded plugin lpbam (category:base,tabindex:0)
2024-03-16 00:48:00,364 [INFO] PluginManage:310 - Check plugin memorymap
2024-03-16 00:48:00,379 [INFO] PluginManage:359 - Loaded plugin memorymap (category:base,tabindex:4)
2024-03-16 00:48:00,379 [INFO] PluginManage:310 - Check plugin pinoutandconfiguration
2024-03-16 00:48:00,384 [INFO] PluginManage:359 - Loaded plugin pinoutandconfiguration (category:base,tabindex:1)
2024-03-16 00:48:00,384 [INFO] PluginManage:310 - Check plugin pinoutconfig
2024-03-16 00:48:00,447 [WARN] SupportedApi:132 - Cannot load RTOS API schema: s4s-elt-must-match.1: The content of 'definitions' must match (annotation?, (simpleType | complexType)?, (unique | key | keyref)*)). A problem was found starting at: attribute.
2024-03-16 00:48:00,556 [INFO] PluginManage:359 - Loaded plugin pinoutconfig (category:base,tabindex:0)
2024-03-16 00:48:00,556 [INFO] PluginManage:310 - Check plugin power
2024-03-16 00:48:00,564 [INFO] PluginManage:359 - Loaded plugin power (category:power,tabindex:4)
2024-03-16 00:48:00,564 [INFO] PluginManage:310 - Check plugin projectmanager
2024-03-16 00:48:00,583 [INFO] PluginManage:359 - Loaded plugin projectmanager (category:projectmanager,tabindex:3)
2024-03-16 00:48:00,583 [INFO] PluginManage:310 - Check plugin thirdparty
2024-03-16 00:48:00,687 [INFO] PluginManage:359 - Loaded plugin thirdparty (category:base,tabindex:-1)
2024-03-16 00:48:00,687 [INFO] PluginManage:310 - Check plugin tools
2024-03-16 00:48:00,687 [WARN] IntegrityCheckThread:84 - waiting for thirdparty lock release [integrity check]
2024-03-16 00:48:00,688 [INFO] IntegrityCheckThread:86 - entering critical section [integrity check]
2024-03-16 00:48:00,688 [INFO] ThirdPartyUpdaterWithRetryManager:70 - Updater plugin not ready yet. [1/15]
2024-03-16 00:48:00,689 [INFO] PluginManage:359 - Loaded plugin tools (category:base,tabindex:7)
2024-03-16 00:48:00,690 [INFO] PluginManage:310 - Check plugin tutovideos
2024-03-16 00:48:00,879 [INFO] PluginManage:359 - Loaded plugin tutovideos (category:base,tabindex:-1)
2024-03-16 00:48:00,879 [INFO] PluginManage:310 - Check plugin updater
2024-03-16 00:48:00,887 [INFO] PluginManage:359 - Loaded plugin updater (category:base,tabindex:12)
2024-03-16 00:48:00,887 [INFO] PluginManage:310 - Check plugin userauth
2024-03-16 00:48:00,891 [INFO] UserAuth:114 - Init User Auth plugin
2024-03-16 00:48:00,891 [INFO] PluginManage:359 - Loaded plugin userauth (category:base,tabindex:14)
2024-03-16 00:48:00,892 [INFO] PluginManage:283 - PluginManage : Loaded plugins [17]
2024-03-16 00:48:01,081 [INFO] PinOutPanel:1499 - setPackage(No Configuration,No Configuration)
2024-03-16 00:48:01,142 [INFO] CADModel:165 - CPN selected for project level
2024-03-16 00:48:01,142 [INFO] CADModel:114 - Register for checkConnection events
2024-03-16 00:48:01,154 [INFO] IPUIPlugin:80 - create IPUIPlugin
2024-03-16 00:48:01,154 [INFO] PluginManager:220 - loadIPPluginJar : add adc
2024-03-16 00:48:01,156 [INFO] IPUIPlugin:80 - create IPUIPlugin
2024-03-16 00:48:01,156 [INFO] PluginManager:220 - loadIPPluginJar : add aes
2024-03-16 00:48:01,158 [INFO] IPUIPlugin:80 - create IPUIPlugin
2024-03-16 00:48:01,158 [INFO] PluginManager:220 - loadIPPluginJar : add can
2024-03-16 00:48:01,160 [INFO] IPUIPlugin:80 - create IPUIPlugin
2024-03-16 00:48:01,160 [INFO] PluginManager:220 - loadIPPluginJar : add comp
2024-03-16 00:48:01,162 [INFO] IPUIPlugin:80 - create IPUIPlugin
2024-03-16 00:48:01,162 [INFO] PluginManager:220 - loadIPPluginJar : add cryp
2024-03-16 00:48:01,163 [INFO] IPUIPlugin:80 - create IPUIPlugin
2024-03-16 00:48:01,164 [INFO] PluginManager:220 - loadIPPluginJar : add dfsdm
2024-03-16 00:48:01,167 [INFO] IPUIPlugin:80 - create IPUIPlugin
2024-03-16 00:48:01,168 [INFO] PluginManager:220 - loadIPPluginJar : add dma
2024-03-16 00:48:01,170 [INFO] IPUIPlugin:80 - create IPUIPlugin
2024-03-16 00:48:01,170 [INFO] PluginManager:220 - loadIPPluginJar : add dma3
2024-03-16 00:48:01,171 [INFO] IPUIPlugin:80 - create IPUIPlugin
2024-03-16 00:48:01,171 [INFO] PluginManager:220 - loadIPPluginJar : add fatfs
2024-03-16 00:48:01,174 [INFO] IPUIPlugin:80 - create IPUIPlugin
2024-03-16 00:48:01,174 [INFO] PluginManager:220 - loadIPPluginJar : add fmc
2024-03-16 00:48:01,180 [INFO] IPUIPlugin:80 - create IPUIPlugin
2024-03-16 00:48:01,180 [INFO] PluginManager:220 - loadIPPluginJar : add freertos
2024-03-16 00:48:01,181 [INFO] IPUIPlugin:80 - create IPUIPlugin
2024-03-16 00:48:01,181 [INFO] PluginManager:220 - loadIPPluginJar : add genericplugin
2024-03-16 00:48:01,183 [INFO] IPUIPlugin:80 - create IPUIPlugin
2024-03-16 00:48:01,183 [INFO] PluginManager:220 - loadIPPluginJar : add gfxmmu
2024-03-16 00:48:01,187 [INFO] IPUIPlugin:80 - create IPUIPlugin
2024-03-16 00:48:01,187 [INFO] PluginManager:220 - loadIPPluginJar : add gic
2024-03-16 00:48:01,192 [INFO] IPUIPlugin:80 - create IPUIPlugin
2024-03-16 00:48:01,192 [INFO] PluginManager:220 - loadIPPluginJar : add gpio
2024-03-16 00:48:01,195 [INFO] IPUIPlugin:80 - create IPUIPlugin
2024-03-16 00:48:01,195 [INFO] PluginManager:220 - loadIPPluginJar : add gtzc
2024-03-16 00:48:01,197 [INFO] IPUIPlugin:80 - create IPUIPlugin
2024-03-16 00:48:01,198 [INFO] PluginManager:220 - loadIPPluginJar : add hash
2024-03-16 00:48:01,199 [INFO] IPUIPlugin:80 - create IPUIPlugin
2024-03-16 00:48:01,199 [INFO] PluginManager:220 - loadIPPluginJar : add i2c
2024-03-16 00:48:01,201 [INFO] IPUIPlugin:80 - create IPUIPlugin
2024-03-16 00:48:01,201 [INFO] PluginManager:220 - loadIPPluginJar : add i2s
2024-03-16 00:48:01,202 [INFO] IPUIPlugin:80 - create IPUIPlugin
2024-03-16 00:48:01,203 [INFO] PluginManager:220 - loadIPPluginJar : add i3c
2024-03-16 00:48:01,205 [INFO] IPUIPlugin:80 - create IPUIPlugin
2024-03-16 00:48:01,205 [INFO] PluginManager:220 - loadIPPluginJar : add ipddr
2024-03-16 00:48:01,210 [INFO] IPUIPlugin:80 - create IPUIPlugin
2024-03-16 00:48:01,211 [INFO] PluginManager:220 - loadIPPluginJar : add linkedlist
2024-03-16 00:48:01,213 [INFO] IPUIPlugin:80 - create IPUIPlugin
2024-03-16 00:48:01,213 [INFO] PluginManager:220 - loadIPPluginJar : add lorawan
2024-03-16 00:48:01,214 [INFO] IPUIPlugin:80 - create IPUIPlugin
2024-03-16 00:48:01,214 [INFO] PluginManager:220 - loadIPPluginJar : add ltdc
2024-03-16 00:48:01,217 [INFO] IPUIPlugin:80 - create IPUIPlugin
2024-03-16 00:48:01,217 [INFO] PluginManager:220 - loadIPPluginJar : add mdma
2024-03-16 00:48:01,221 [INFO] IPUIPlugin:80 - create IPUIPlugin
2024-03-16 00:48:01,221 [INFO] PluginManager:220 - loadIPPluginJar : add nvic
2024-03-16 00:48:01,225 [INFO] IPUIPlugin:80 - create IPUIPlugin
2024-03-16 00:48:01,225 [INFO] PluginManager:220 - loadIPPluginJar : add opamp
2024-03-16 00:48:01,228 [INFO] IPUIPlugin:80 - create IPUIPlugin
2024-03-16 00:48:01,228 [INFO] PluginManager:220 - loadIPPluginJar : add openamp
2024-03-16 00:48:01,231 [INFO] IPUIPlugin:80 - create IPUIPlugin
2024-03-16 00:48:01,231 [INFO] PluginManager:220 - loadIPPluginJar : add pdm2pcm
2024-03-16 00:48:01,235 [INFO] IPUIPlugin:80 - create IPUIPlugin
2024-03-16 00:48:01,238 [INFO] PluginManager:220 - loadIPPluginJar : add plateformsettings
2024-03-16 00:48:01,239 [INFO] IPUIPlugin:80 - create IPUIPlugin
2024-03-16 00:48:01,239 [INFO] PluginManager:220 - loadIPPluginJar : add quadspi
2024-03-16 00:48:01,242 [INFO] IPUIPlugin:80 - create IPUIPlugin
2024-03-16 00:48:01,242 [INFO] PluginManager:220 - loadIPPluginJar : add resmgrutility
2024-03-16 00:48:01,244 [INFO] IPUIPlugin:80 - create IPUIPlugin
2024-03-16 00:48:01,245 [INFO] PluginManager:220 - loadIPPluginJar : add sai
2024-03-16 00:48:01,246 [INFO] IPUIPlugin:80 - create IPUIPlugin
2024-03-16 00:48:01,246 [INFO] PluginManager:220 - loadIPPluginJar : add spi
2024-03-16 00:48:01,251 [INFO] IPUIPlugin:80 - create IPUIPlugin
2024-03-16 00:48:01,251 [INFO] PluginManager:220 - loadIPPluginJar : add stm32_wpan
2024-03-16 00:48:01,252 [INFO] IPUIPlugin:80 - create IPUIPlugin
2024-03-16 00:48:01,252 [INFO] PluginManager:220 - loadIPPluginJar : add tim
2024-03-16 00:48:01,254 [INFO] IPUIPlugin:80 - create IPUIPlugin
2024-03-16 00:48:01,254 [INFO] PluginManager:220 - loadIPPluginJar : add touchsensing
2024-03-16 00:48:01,256 [INFO] IPUIPlugin:80 - create IPUIPlugin
2024-03-16 00:48:01,256 [INFO] PluginManager:220 - loadIPPluginJar : add tracer_emb
2024-03-16 00:48:01,257 [INFO] IPUIPlugin:80 - create IPUIPlugin
2024-03-16 00:48:01,257 [INFO] PluginManager:220 - loadIPPluginJar : add ts
2024-03-16 00:48:01,258 [INFO] IPUIPlugin:80 - create IPUIPlugin
2024-03-16 00:48:01,258 [INFO] PluginManager:220 - loadIPPluginJar : add tsc
2024-03-16 00:48:01,259 [INFO] IPUIPlugin:80 - create IPUIPlugin
2024-03-16 00:48:01,259 [INFO] PluginManager:220 - loadIPPluginJar : add ucpd
2024-03-16 00:48:01,261 [INFO] IPUIPlugin:80 - create IPUIPlugin
2024-03-16 00:48:01,261 [INFO] PluginManager:220 - loadIPPluginJar : add usart
2024-03-16 00:48:01,262 [INFO] IPUIPlugin:80 - create IPUIPlugin
2024-03-16 00:48:01,262 [INFO] PluginManager:220 - loadIPPluginJar : add usbx
2024-03-16 00:48:01,378 [INFO] CADModel:165 - CPN selected for project level
2024-03-16 00:48:01,378 [INFO] CADModel:114 - Register for checkConnection events
2024-03-16 00:48:01,378 [FATAL] Updater:308 - Updater called before beeing initialized
2024-03-16 00:48:01,379 [ERROR] CADModel:125 - Updater not yet initialized, retry later 
2024-03-16 00:48:01,506 [INFO] CADModel:165 - CPN selected for project level
2024-03-16 00:48:01,506 [INFO] CADModel:114 - Register for checkConnection events
2024-03-16 00:48:01,506 [FATAL] Updater:308 - Updater called before beeing initialized
2024-03-16 00:48:01,507 [ERROR] CADModel:125 - Updater not yet initialized, retry later 
2024-03-16 00:48:01,510 [FATAL] Updater:308 - Updater called before beeing initialized
2024-03-16 00:48:01,592 [FATAL] Updater:308 - Updater called before beeing initialized
2024-03-16 00:48:01,599 [INFO] DbMcusAds:53 - JSON generation date=Wed Nov 29 04:52:27 CST 2023 (1701255147349)
2024-03-16 00:48:01,599 [FATAL] Updater:308 - Updater called before beeing initialized
2024-03-16 00:48:01,629 [WARN] DetailPanel:346 - Failed to get advertising image, set to default
2024-03-16 00:48:01,715 [FATAL] Updater:308 - Updater called before beeing initialized
2024-03-16 00:48:01,716 [FATAL] Updater:308 - Updater called before beeing initialized
2024-03-16 00:48:01,716 [FATAL] Updater:308 - Updater called before beeing initialized
2024-03-16 00:48:01,716 [WARN] DetailPanel:346 - Failed to get advertising image, set to default
2024-03-16 00:48:01,717 [FATAL] Updater:308 - Updater called before beeing initialized
2024-03-16 00:48:01,754 [ERROR] Updater:1120 - MainUpdater not yet initialized. External WinMGr cannot be set.
2024-03-16 00:48:01,756 [INFO] Updater:1056 - Updater Version found : 6.10.0
2024-03-16 00:48:01,768 [INFO] ApplicationProperties:184 - Using Application install path: C:\ST\STM32CubeIDE_1.14.1\STM32CubeIDE\plugins\com.st.stm32cube.common.mx_6.10.0.202311202037
2024-03-16 00:48:03,334 [ERROR] LogOutputStream:75 - [STDERR_REDIRECT] Mar 16, 2024 12:48:03 AM java.util.prefs.WindowsPreferences <init>
2024-03-16 00:48:03,335 [ERROR] LogOutputStream:75 - [STDERR_REDIRECT] WARNING: Could not open/create prefs root node Software\JavaSoft\Prefs at root 0xffffffff80000002. Windows RegCreateKeyEx(...) returned error code 5.
2024-03-16 00:48:03,335 [ERROR] LogOutputStream:75 - [STDERR_REDIRECT] 
2024-03-16 00:48:03,610 [INFO] MainUpdater:2873 - connection check result : 10
2024-03-16 00:48:03,610 [INFO] MainUpdater:290 - Updater Check For Update Now.
2024-03-16 00:48:03,611 [INFO] MicroXplorer:498 - Change Database Version : DB.6.0.100
2024-03-16 00:48:03,621 [INFO] McuFinderGlobals:63 - Set McuFinder mode to 2 (CubeIDE integrated)
2024-03-16 00:48:03,621 [INFO] UserAuth:180 - activating auth plugin
2024-03-16 00:48:03,625 [INFO] UserAuth:404 - Internet connection configuration mode: 1
2024-03-16 00:48:03,645 [INFO] JxBrowserEngine:152 - Initiate JxBrowser Engine with user profile folder
2024-03-16 00:48:03,691 [WARN] MainUpdater:1194 - Updater busy. Cannot search thirdparties
2024-03-16 00:48:03,691 [INFO] ThirdPartyUpdaterWithRetryManager:96 - Updater plugin is busy. [1/15]
2024-03-16 00:48:03,780 [INFO] CheckServerUpdateThread:120 - End of CheckServer Thread
2024-03-16 00:48:04,408 [INFO] WebApp:161 - Instantiating new browser for Auth
2024-03-16 00:48:04,948 [INFO] WebApp:780 - Register for checkConnection events
2024-03-16 00:48:04,948 [INFO] WebApp:414 - Apply proxy settings
2024-03-16 00:48:04,948 [INFO] WebApp:499 - Chromium requires no authentication
2024-03-16 00:48:04,956 [INFO] WebApp:442 - Direct internet connection detected
2024-03-16 00:48:05,110 [INFO] WebApp:192 - Starting web application
2024-03-16 00:48:05,110 [INFO] WebApp:544 - Web application path used C:\ST\STM32CubeIDE_1.14.1\STM32CubeIDE\plugins\com.st.stm32cube.common.mx_6.10.0.202311202037\db\plugins\mcufinder\reactClient1\index.html
2024-03-16 00:48:06,843 [WARN] PackLoader:240 - Cannot read IP mode file for STMicroelectronics.X-CUBE-SMBUS.2.1.0
2024-03-16 00:48:06,851 [WARN] PackLoader:240 - Cannot read IP mode file for STMicroelectronics.X-CUBE-TOUCHGFX.4.23.0
2024-03-16 00:48:06,898 [WARN] PackLoader:240 - Cannot read IP mode file for STMicroelectronics.X-CUBE-AZRTOS-F7.1.1.0
2024-03-16 00:48:06,913 [WARN] PackLoader:240 - Cannot read IP mode file for STMicroelectronics.FP-SNS-MOTENV1.4.3.2
2024-03-16 00:48:06,922 [WARN] PackLoader:240 - Cannot read IP mode file for STMicroelectronics.FP-SNS-FLIGHT1.5.0.2
2024-03-16 00:48:06,936 [WARN] PackLoader:240 - Cannot read IP mode file for STMicroelectronics.X-CUBE-DISPLAY.3.0.0
2024-03-16 00:48:06,950 [WARN] PackLoader:240 - Cannot read IP mode file for STMicroelectronics.X-CUBE-BLE1.7.0.0
2024-03-16 00:48:06,956 [WARN] PackLoader:240 - Cannot read IP mode file for emotas.I-CUBE-CANOPEN.1.3.0
2024-03-16 00:48:06,993 [WARN] PackLoader:240 - Cannot read IP mode file for STMicroelectronics.X-CUBE-BLEMGR.3.1.0
2024-03-16 00:48:07,004 [WARN] PackLoader:240 - Cannot read IP mode file for STMicroelectronics.FP-SNS-SMARTAG2.1.2.0
2024-03-16 00:48:07,021 [INFO] LogOutputStream:77 - [STDOUT_REDIRECT] 1 : Invalid condition id : UX_CORESTACK_Condition cause : null
2024-03-16 00:48:07,022 [INFO] LogOutputStream:77 - [STDOUT_REDIRECT] 1 : Invalid condition id : UX_CORESTACK_Condition cause : null
2024-03-16 00:48:07,023 [INFO] LogOutputStream:77 - [STDOUT_REDIRECT] 1 : Invalid condition id : UX_CORESTACK_Condition cause : null
2024-03-16 00:48:07,024 [INFO] LogOutputStream:77 - [STDOUT_REDIRECT] 1 : Invalid condition id : UX_CORESTACK_Condition cause : null
2024-03-16 00:48:07,026 [INFO] LogOutputStream:77 - [STDOUT_REDIRECT] 1 : Invalid condition id : UX_CORESTACK_Condition cause : null
2024-03-16 00:48:07,031 [WARN] PackLoader:240 - Cannot read IP mode file for STMicroelectronics.X-CUBE-AZRTOS-WL.2.0.0
2024-03-16 00:48:07,047 [WARN] PackLoader:240 - Cannot read IP mode file for WES.I-CUBE-Cesium.1.3.0
2024-03-16 00:48:07,053 [WARN] PackLoader:240 - Cannot read IP mode file for STMicroelectronics.X-CUBE-BLE2.3.3.0
2024-03-16 00:48:07,071 [WARN] PackLoader:240 - Cannot read IP mode file for STMicroelectronics.X-CUBE-ALGOBUILD.1.3.0
2024-03-16 00:48:07,092 [WARN] PackLoader:240 - Cannot read IP mode file for STMicroelectronics.X-CUBE-AZRTOS-G0.1.1.0
2024-03-16 00:48:07,107 [WARN] PackLoader:240 - Cannot read IP mode file for STMicroelectronics.X-CUBE-NFC4.3.0.0
2024-03-16 00:48:07,113 [WARN] PackLoader:240 - Cannot read IP mode file for STMicroelectronics.FP-ATR-SIGFOX1.3.2.0
2024-03-16 00:48:07,120 [WARN] PackLoader:240 - Cannot read IP mode file for STMicroelectronics.X-CUBE-EEPRMA1.5.1.0
2024-03-16 00:48:07,153 [WARN] PackLoader:240 - Cannot read IP mode file for SEGGER.I-CUBE-embOS.1.3.1
2024-03-16 00:48:07,197 [WARN] PackLoader:240 - Cannot read IP mode file for STMicroelectronics.X-CUBE-GNSS1.6.0.0
2024-03-16 00:48:07,212 [WARN] PackLoader:240 - Cannot read IP mode file for STMicroelectronics.X-CUBE-AZRTOS-F4.1.1.0
2024-03-16 00:48:07,217 [WARN] PackLoader:240 - Cannot read IP mode file for wolfSSL.I-CUBE-wolfSSL.5.6.6
2024-03-16 00:48:07,232 [WARN] PackLoader:240 - Cannot read IP mode file for STMicroelectronics.X-CUBE-AZRTOS-L5.2.0.0
2024-03-16 00:48:07,239 [WARN] PackLoader:240 - Cannot read IP mode file for ITTIA_DB.I-CUBE-ITTIADB.8.8.0
2024-03-16 00:48:07,247 [WARN] PackLoader:240 - Cannot read IP mode file for STMicroelectronics.X-CUBE-NFC7.1.0.1
2024-03-16 00:48:07,260 [WARN] PackLoader:240 - Cannot read IP mode file for STMicroelectronics.X-CUBE-NFC6.3.0.0
2024-03-16 00:48:07,266 [WARN] PackLoader:240 - Cannot read IP mode file for STMicroelectronics.X-CUBE-AI.8.1.0
2024-03-16 00:48:07,287 [WARN] ConditionMgr:438 - getConditionDescription Invalid condition id : LAN8742 Phy interface Condition cause : null
2024-03-16 00:48:07,288 [WARN] PackLoader:240 - Cannot read IP mode file for STMicroelectronics.X-CUBE-AZRTOS-L4.2.0.0
2024-03-16 00:48:07,290 [WARN] ConditionMgr:1039 - genDependencies : Invalid condition id : LAN8742 Phy interface Condition cause : null
2024-03-16 00:48:07,291 [WARN] ConditionMgr:1039 - genDependencies : Invalid condition id : LAN8742 Phy interface Condition cause : null
2024-03-16 00:48:07,291 [WARN] ConditionMgr:1039 - genDependencies : Invalid condition id : LAN8742 Phy interface Condition cause : null
2024-03-16 00:48:07,300 [WARN] PackLoader:240 - Cannot read IP mode file for STMicroelectronics.X-CUBE-SFXS2LP1.4.0.0
2024-03-16 00:48:07,314 [WARN] ConditionMgr:438 - getConditionDescription Invalid condition id : UX DEVICE CLASS RTOS Condition cause : null
2024-03-16 00:48:07,315 [WARN] ConditionMgr:438 - getConditionDescription Invalid condition id : UX DEVICE CLASS RTOS Condition cause : null
2024-03-16 00:48:07,316 [WARN] PackLoader:240 - Cannot read IP mode file for STMicroelectronics.X-CUBE-AZRTOS-WB.2.0.0
2024-03-16 00:48:07,317 [WARN] ConditionMgr:1039 - genDependencies : Invalid condition id : UX DEVICE CLASS RTOS Condition cause : null
2024-03-16 00:48:07,317 [WARN] ConditionMgr:1039 - genDependencies : Invalid condition id : UX DEVICE CLASS RTOS Condition cause : null
2024-03-16 00:48:07,318 [WARN] ConditionMgr:1039 - genDependencies : Invalid condition id : UX DEVICE CLASS RTOS Condition cause : null
2024-03-16 00:48:07,318 [WARN] ConditionMgr:1039 - genDependencies : Invalid condition id : UX DEVICE CLASS RTOS Condition cause : null
2024-03-16 00:48:07,318 [WARN] ConditionMgr:1039 - genDependencies : Invalid condition id : UX DEVICE CLASS RTOS Condition cause : null
2024-03-16 00:48:07,332 [WARN] PackLoader:240 - Cannot read IP mode file for STMicroelectronics.X-CUBE-SUBG2.5.0.0
2024-03-16 00:48:07,356 [WARN] PackLoader:240 - Cannot read IP mode file for STMicroelectronics.X-CUBE-AZRTOS-G4.2.0.0
2024-03-16 00:48:07,376 [WARN] PackLoader:240 - Cannot read IP mode file for Infineon.AIROC-Wi-Fi-Bluetooth-STM32.1.5.1
2024-03-16 00:48:07,385 [WARN] PackLoader:240 - Cannot read IP mode file for STMicroelectronics.FP-SNS-MOTENVWB1.1.3.1
2024-03-16 00:48:07,393 [WARN] PackLoader:240 - Cannot read IP mode file for STMicroelectronics.X-CUBE-ISPU.2.0.0
2024-03-16 00:48:07,447 [WARN] PackLoader:240 - Cannot read IP mode file for STMicroelectronics.X-CUBE-MEMS1.10.0.0
2024-03-16 00:48:07,579 [WARN] PackLoader:240 - Cannot read IP mode file for STMicroelectronics.X-CUBE-FREERTOS.1.1.0
2024-03-16 00:48:07,585 [WARN] PackLoader:240 - Cannot read IP mode file for portGmbH.I-Cube-SoM-uGOAL.1.1.0
2024-03-16 00:48:07,589 [WARN] PackLoader:240 - Cannot read IP mode file for STMicroelectronics.X-CUBE-ALS.1.0.1
2024-03-16 00:48:07,595 [WARN] PackLoader:240 - Cannot read IP mode file for STMicroelectronics.FP-ATR-ASTRA1.2.0.0
2024-03-16 00:48:07,608 [WARN] PackLoader:240 - Cannot read IP mode file for STMicroelectronics.X-CUBE-TOF1.3.4.1
2024-03-16 00:48:07,644 [WARN] PackLoader:240 - Cannot read IP mode file for STMicroelectronics.X-CUBE-AZRTOS-H7.3.2.0
2024-03-16 00:48:07,648 [INFO] ThirdParty:978 - Integrity check success = true
2024-03-16 00:48:07,649 [INFO] IntegrityCheckThread:100 - exiting critical section [integrity check]
2024-03-16 00:48:07,649 [INFO] IntegrityCheckThread:103 - End integrity checks thread
2024-03-16 00:48:25,900 [ERROR] LogOutputStream:75 - [STDERR_REDIRECT] SLF4J: Failed to load class "org.slf4j.impl.StaticLoggerBinder".
2024-03-16 00:48:25,901 [ERROR] LogOutputStream:75 - [STDERR_REDIRECT] SLF4J: Defaulting to no-operation (NOP) logger implementation
2024-03-16 00:48:25,902 [ERROR] LogOutputStream:75 - [STDERR_REDIRECT] SLF4J: See http://www.slf4j.org/codes.html#StaticLoggerBinder for further details.
